
/home/runner/work/exp-heat-of-hydration-dei/exp-heat-of-hydration-dei/experiment/simulation/js/main.js
   59:39  warning  'evt' is defined but never used  no-unused-vars
  220:40  warning  'evt' is defined but never used  no-unused-vars

/home/runner/work/exp-heat-of-hydration-dei/exp-heat-of-hydration-dei/experiment/simulation/js/step2.js
   42:39  warning  'evt' is defined but never used  no-unused-vars
  137:40  warning  'evt' is defined but never used  no-unused-vars

/home/runner/work/exp-heat-of-hydration-dei/exp-heat-of-hydration-dei/experiment/simulation/js/step3.js
  33:39  warning  'evt' is defined but never used  no-unused-vars
  82:34  warning  'evt' is defined but never used  no-unused-vars
  89:34  warning  'evt' is defined but never used  no-unused-vars
  96:40  warning  'evt' is defined but never used  no-unused-vars

/home/runner/work/exp-heat-of-hydration-dei/exp-heat-of-hydration-dei/experiment/simulation/js/step4.js
   42:7   warning  'arr4Step4' is assigned a value but never used    no-unused-vars
   57:7   warning  'trans4Step4' is assigned a value but never used  no-unused-vars
   75:7   warning  'next6' is assigned a value but never used        no-unused-vars
   76:7   warning  'next7' is assigned a value but never used        no-unused-vars
   77:7   warning  'next8' is assigned a value but never used        no-unused-vars
   80:39  warning  'evt' is defined but never used                   no-unused-vars
  130:34  warning  'evt' is defined but never used                   no-unused-vars
  198:34  warning  'evt' is defined but never used                   no-unused-vars
  207:34  warning  'evt' is defined but never used                   no-unused-vars
  216:34  warning  'evt' is defined but never used                   no-unused-vars
  299:34  warning  'evt' is defined but never used                   no-unused-vars
  307:40  warning  'evt' is defined but never used                   no-unused-vars

/home/runner/work/exp-heat-of-hydration-dei/exp-heat-of-hydration-dei/experiment/simulation/js/step5.js
   49:39  warning  'evt' is defined but never used  no-unused-vars
  183:40  warning  'evt' is defined but never used  no-unused-vars

✖ 22 problems (0 errors, 22 warnings)

